<?xml version="1.0" encoding="UTF-8"?>
<!-- Generated by org.testng.reporters.JUnitReportReporter -->
<testsuite hostname="LAPTOP-JCDHUJIQ" failures="0" tests="5" name="com.selenium.testCases.PolicyBazaarTestCases" time="86.779" errors="0" timestamp="2021-10-02T14:38:48 IST" skipped="0">
  <testcase classname="com.selenium.testCases.PolicyBazaarTestCases" name="openWebSite" time="4.236"/>
  <system-out/>
  <testcase classname="com.selenium.testCases.PolicyBazaarTestCases" name="displayLowestTravelPlans" time="33.180"/>
  <system-out/>
  <testcase classname="com.selenium.testCases.PolicyBazaarTestCases" name="TravelInsuranceInvalidMobile" time="17.833"/>
  <system-out/>
  <testcase classname="com.selenium.testCases.PolicyBazaarTestCases" name="HealthInsuranceMenuList" time="4.700"/>
  <system-out/>
  <testcase classname="com.selenium.testCases.PolicyBazaarTestCases" name="getErrorForInvalidDetails" time="26.830"/>
  <system-out/>
</testsuite> <!-- com.selenium.testCases.PolicyBazaarTestCases -->
