<?xml version="1.0" encoding="UTF-8"?>
<!-- Generated by org.testng.reporters.JUnitReportReporter -->
<testsuite hostname="LAPTOP-JCDHUJIQ" failures="0" tests="5" name="com.selenium.testCases.PolicyBazaarTestCases" time="82.397" errors="0" timestamp="2021-10-03T15:45:05 IST" skipped="0">
  <testcase classname="com.selenium.testCases.PolicyBazaarTestCases" name="openWebSite" time="5.099"/>
  <system-out/>
  <testcase classname="com.selenium.testCases.PolicyBazaarTestCases" name="displayLowestTravelPlans" time="33.054"/>
  <system-out/>
  <testcase classname="com.selenium.testCases.PolicyBazaarTestCases" name="TravelInsuranceInvalidMobile" time="17.544"/>
  <system-out/>
  <testcase classname="com.selenium.testCases.PolicyBazaarTestCases" name="HealthInsuranceMenuList" time="4.464"/>
  <system-out/>
  <testcase classname="com.selenium.testCases.PolicyBazaarTestCases" name="getErrorForInvalidDetails" time="22.236"/>
  <system-out/>
</testsuite> <!-- com.selenium.testCases.PolicyBazaarTestCases -->
